Build started 3/19/2015 3:01:55 PM.
     1>Project "E:\VC Projects\ImageExpress\ImageExpress\ImageExpress.vcxproj" on node 2 (Rebuild target(s)).
     1>ClCompile:
         c:\Program Files (x86)\Microsoft Visual Studio 10.0\VC\bin\x86_amd64\CL.exe /c /IC:\FacetSDK\FacetSDK\include /IC:\opencv2410\build\include /Zi /nologo /W3 /WX- /O2 /Oi /GL /D _MBCS /D _AFXDLL /Gm- /EHsc /MD /GS /Gy /fp:precise /Zc:wchar_t /Zc:forScope /Yc"StdAfx.h" /Fp"x64\Release\ImageExpress.pch" /Fo"x64\Release\\" /Fd"x64\Release\vc100.pdb" /Gd /TP /errorReport:prompt stdafx.cpp
         stdafx.cpp
         c:\Program Files (x86)\Microsoft Visual Studio 10.0\VC\bin\x86_amd64\CL.exe /c /IC:\FacetSDK\FacetSDK\include /IC:\opencv2410\build\include /Zi /nologo /W3 /WX- /O2 /Oi /GL /D _MBCS /D _AFXDLL /Gm- /EHsc /MD /GS /Gy /fp:precise /Zc:wchar_t /Zc:forScope /Yu"StdAfx.h" /Fp"x64\Release\ImageExpress.pch" /Fo"x64\Release\\" /Fd"x64\Release\vc100.pdb" /Gd /TP /errorReport:prompt FaceContainer.cpp FrameProcess.cpp ImageExpress.cpp ImageProcess.cpp License.c
         FaceContainer.cpp
     1>C:\FacetSDK\FacetSDK\include\emotient.hpp(564): warning C4251: 'EMOTIENT::FacetSDK::Face::mEmotionValues' : class 'std::map<_Kty,_Ty>' needs to have dll-interface to be used by clients of class 'EMOTIENT::FacetSDK::Face'
                 with
                 [
                     _Kty=EMOTIENT::FacetSDK::EmotionName,
                     _Ty=std::map<EMOTIENT::FacetSDK::NormalizationType,float>
                 ]
     1>C:\FacetSDK\FacetSDK\include\emotient.hpp(565): warning C4251: 'EMOTIENT::FacetSDK::Face::mAttributeValues' : class 'std::map<_Kty,_Ty>' needs to have dll-interface to be used by clients of class 'EMOTIENT::FacetSDK::Face'
                 with
                 [
                     _Kty=EMOTIENT::FacetSDK::AttributeName,
                     _Ty=std::map<EMOTIENT::FacetSDK::AttributeNormalizationType,float>
                 ]
     1>C:\FacetSDK\FacetSDK\include\emotient.hpp(566): warning C4251: 'EMOTIENT::FacetSDK::Face::mDemographicValues' : class 'std::map<_Kty,_Ty>' needs to have dll-interface to be used by clients of class 'EMOTIENT::FacetSDK::Face'
                 with
                 [
                     _Kty=EMOTIENT::FacetSDK::DemographicName,
                     _Ty=std::map<EMOTIENT::FacetSDK::AttributeNormalizationType,float>
                 ]
     1>C:\FacetSDK\FacetSDK\include\emotient.hpp(567): warning C4251: 'EMOTIENT::FacetSDK::Face::mActionUnitValues' : class 'std::map<_Kty,_Ty>' needs to have dll-interface to be used by clients of class 'EMOTIENT::FacetSDK::Face'
                 with
                 [
                     _Kty=EMOTIENT::FacetSDK::ActionUnit,
                     _Ty=std::map<EMOTIENT::FacetSDK::NormalizationType,float>
                 ]
     1>C:\FacetSDK\FacetSDK\include\emotient.hpp(568): warning C4251: 'EMOTIENT::FacetSDK::Face::mPoseValues' : class 'std::map<_Kty,_Ty>' needs to have dll-interface to be used by clients of class 'EMOTIENT::FacetSDK::Face'
                 with
                 [
                     _Kty=EMOTIENT::FacetSDK::PoseDimension,
                     _Ty=float
                 ]
     1>C:\FacetSDK\FacetSDK\include\emotient.hpp(569): warning C4251: 'EMOTIENT::FacetSDK::Face::mLandmarkLocations' : class 'std::map<_Kty,_Ty>' needs to have dll-interface to be used by clients of class 'EMOTIENT::FacetSDK::Face'
                 with
                 [
                     _Kty=EMOTIENT::FacetSDK::LandmarkName,
                     _Ty=EMOTIENT::FacetSDK::Point
                 ]
     1>C:\FacetSDK\FacetSDK\include\emotient.hpp(675): warning C4251: 'EMOTIENT::FacetSDK::FrameAnalysis::mFaces' : class 'std::vector<_Ty>' needs to have dll-interface to be used by clients of class 'EMOTIENT::FacetSDK::FrameAnalysis'
                 with
                 [
                     _Ty=EMOTIENT::FacetSDK::Face
                 ]
     1>C:\FacetSDK\FacetSDK\include\emotient.hpp(679): warning C4251: 'EMOTIENT::FacetSDK::FrameAnalysis::mChannelsAvailable' : class 'std::map<_Kty,_Ty>' needs to have dll-interface to be used by clients of class 'EMOTIENT::FacetSDK::FrameAnalysis'
                 with
                 [
                     _Kty=EMOTIENT::FacetSDK::Channel,
                     _Ty=bool
                 ]
     1>C:\FacetSDK\FacetSDK\include\emotient.hpp(681): warning C4251: 'EMOTIENT::FacetSDK::FrameAnalysis::mSerialNumber' : class 'std::basic_string<_Elem,_Traits,_Ax>' needs to have dll-interface to be used by clients of class 'EMOTIENT::FacetSDK::FrameAnalysis'
                 with
                 [
                     _Elem=char,
                     _Traits=std::char_traits<char>,
                     _Ax=std::allocator<char>
                 ]
     1>C:\FacetSDK\FacetSDK\include\emotient.hpp(785): warning C4251: 'EMOTIENT::FacetSDK::Baseline::mBaselineImpl' : class 'EMOTIENT::FacetSDK::EMOTIENT_Ptr<_Tp>' needs to have dll-interface to be used by clients of class 'EMOTIENT::FacetSDK::Baseline'
                 with
                 [
                     _Tp=EMOTIENT::FacetSDK::BaselineImpl
                 ]
     1>C:\FacetSDK\FacetSDK\include\emotient.hpp(818): warning C4251: 'EMOTIENT::FacetSDK::FrameAnalyzer::mFrameAnalyzerImpl' : class 'EMOTIENT::FacetSDK::EMOTIENT_Ptr<_Tp>' needs to have dll-interface to be used by clients of class 'EMOTIENT::FacetSDK::FrameAnalyzer'
                 with
                 [
                     _Tp=EMOTIENT::FacetSDK::FrameAnalyzerImpl
                 ]
     1>C:\FacetSDK\FacetSDK\include\emotient.hpp(1015): warning C4251: 'EMOTIENT::FacetSDK::VideoAnalysis::mFaceLocations' : class 'std::vector<_Ty>' needs to have dll-interface to be used by clients of class 'EMOTIENT::FacetSDK::VideoAnalysis'
                 with
                 [
                     _Ty=EMOTIENT::FacetSDK::Rectangle
                 ]
     1>C:\FacetSDK\FacetSDK\include\emotient.hpp(1016): warning C4251: 'EMOTIENT::FacetSDK::VideoAnalysis::mEmotionEvidence' : class 'std::map<_Kty,_Ty>' needs to have dll-interface to be used by clients of class 'EMOTIENT::FacetSDK::VideoAnalysis'
                 with
                 [
                     _Kty=EMOTIENT::FacetSDK::EmotionName,
                     _Ty=std::vector<float>
                 ]
     1>C:\FacetSDK\FacetSDK\include\emotient.hpp(1017): warning C4251: 'EMOTIENT::FacetSDK::VideoAnalysis::mEmotionIntensities' : class 'std::map<_Kty,_Ty>' needs to have dll-interface to be used by clients of class 'EMOTIENT::FacetSDK::VideoAnalysis'
                 with
                 [
                     _Kty=EMOTIENT::FacetSDK::EmotionName,
                     _Ty=std::vector<float>
                 ]
     1>C:\FacetSDK\FacetSDK\include\emotient.hpp(1018): warning C4251: 'EMOTIENT::FacetSDK::VideoAnalysis::mActionUnitEvidence' : class 'std::map<_Kty,_Ty>' needs to have dll-interface to be used by clients of class 'EMOTIENT::FacetSDK::VideoAnalysis'
                 with
                 [
                     _Kty=EMOTIENT::FacetSDK::ActionUnit,
                     _Ty=std::vector<float>
                 ]
     1>C:\FacetSDK\FacetSDK\include\emotient.hpp(1019): warning C4251: 'EMOTIENT::FacetSDK::VideoAnalysis::mIsFacePresent' : class 'std::vector<_Ty,_Ax>' needs to have dll-interface to be used by clients of class 'EMOTIENT::FacetSDK::VideoAnalysis'
                 with
                 [
                     _Ty=bool,
                     _Ax=std::allocator<bool>
                 ]
     1>C:\FacetSDK\FacetSDK\include\emotient.hpp(1208): warning C4251: 'EMOTIENT::FacetSDK::VideoAnalyzer::mVideoAnalyzerImpl' : class 'EMOTIENT::FacetSDK::EMOTIENT_Ptr<_Tp>' needs to have dll-interface to be used by clients of class 'EMOTIENT::FacetSDK::VideoAnalyzer'
                 with
                 [
                     _Tp=EMOTIENT::FacetSDK::VideoAnalyzerImpl
                 ]
     1>FaceContainer.cpp(21): warning C4267: 'argument' : conversion from 'size_t' to 'UINT', possible loss of data
     1>FaceContainer.cpp(46): warning C4800: 'BOOL' : forcing value to bool 'true' or 'false' (performance warning)
     1>FaceContainer.cpp(80): warning C4267: 'initializing' : conversion from 'size_t' to 'int', possible loss of data
     1>FaceContainer.cpp(81): warning C4267: 'initializing' : conversion from 'size_t' to 'int', possible loss of data
     1>FaceContainer.cpp(120): warning C4996: 'sprintf': This function or variable may be unsafe. Consider using sprintf_s instead. To disable deprecation, use _CRT_SECURE_NO_WARNINGS. See online help for details.
                 c:\Program Files (x86)\Microsoft Visual Studio 10.0\VC\include\stdio.h(371) : see declaration of 'sprintf'
         FrameProcess.cpp
     1>C:\FacetSDK\FacetSDK\include\emotient.hpp(564): warning C4251: 'EMOTIENT::FacetSDK::Face::mEmotionValues' : class 'std::map<_Kty,_Ty>' needs to have dll-interface to be used by clients of class 'EMOTIENT::FacetSDK::Face'
                 with
                 [
                     _Kty=EMOTIENT::FacetSDK::EmotionName,
                     _Ty=std::map<EMOTIENT::FacetSDK::NormalizationType,float>
                 ]
     1>C:\FacetSDK\FacetSDK\include\emotient.hpp(565): warning C4251: 'EMOTIENT::FacetSDK::Face::mAttributeValues' : class 'std::map<_Kty,_Ty>' needs to have dll-interface to be used by clients of class 'EMOTIENT::FacetSDK::Face'
                 with
                 [
                     _Kty=EMOTIENT::FacetSDK::AttributeName,
                     _Ty=std::map<EMOTIENT::FacetSDK::AttributeNormalizationType,float>
                 ]
     1>C:\FacetSDK\FacetSDK\include\emotient.hpp(566): warning C4251: 'EMOTIENT::FacetSDK::Face::mDemographicValues' : class 'std::map<_Kty,_Ty>' needs to have dll-interface to be used by clients of class 'EMOTIENT::FacetSDK::Face'
                 with
                 [
                     _Kty=EMOTIENT::FacetSDK::DemographicName,
                     _Ty=std::map<EMOTIENT::FacetSDK::AttributeNormalizationType,float>
                 ]
     1>C:\FacetSDK\FacetSDK\include\emotient.hpp(567): warning C4251: 'EMOTIENT::FacetSDK::Face::mActionUnitValues' : class 'std::map<_Kty,_Ty>' needs to have dll-interface to be used by clients of class 'EMOTIENT::FacetSDK::Face'
                 with
                 [
                     _Kty=EMOTIENT::FacetSDK::ActionUnit,
                     _Ty=std::map<EMOTIENT::FacetSDK::NormalizationType,float>
                 ]
     1>C:\FacetSDK\FacetSDK\include\emotient.hpp(568): warning C4251: 'EMOTIENT::FacetSDK::Face::mPoseValues' : class 'std::map<_Kty,_Ty>' needs to have dll-interface to be used by clients of class 'EMOTIENT::FacetSDK::Face'
                 with
                 [
                     _Kty=EMOTIENT::FacetSDK::PoseDimension,
                     _Ty=float
                 ]
     1>C:\FacetSDK\FacetSDK\include\emotient.hpp(569): warning C4251: 'EMOTIENT::FacetSDK::Face::mLandmarkLocations' : class 'std::map<_Kty,_Ty>' needs to have dll-interface to be used by clients of class 'EMOTIENT::FacetSDK::Face'
                 with
                 [
                     _Kty=EMOTIENT::FacetSDK::LandmarkName,
                     _Ty=EMOTIENT::FacetSDK::Point
                 ]
     1>C:\FacetSDK\FacetSDK\include\emotient.hpp(675): warning C4251: 'EMOTIENT::FacetSDK::FrameAnalysis::mFaces' : class 'std::vector<_Ty>' needs to have dll-interface to be used by clients of class 'EMOTIENT::FacetSDK::FrameAnalysis'
                 with
                 [
                     _Ty=EMOTIENT::FacetSDK::Face
                 ]
     1>C:\FacetSDK\FacetSDK\include\emotient.hpp(679): warning C4251: 'EMOTIENT::FacetSDK::FrameAnalysis::mChannelsAvailable' : class 'std::map<_Kty,_Ty>' needs to have dll-interface to be used by clients of class 'EMOTIENT::FacetSDK::FrameAnalysis'
                 with
                 [
                     _Kty=EMOTIENT::FacetSDK::Channel,
                     _Ty=bool
                 ]
     1>C:\FacetSDK\FacetSDK\include\emotient.hpp(681): warning C4251: 'EMOTIENT::FacetSDK::FrameAnalysis::mSerialNumber' : class 'std::basic_string<_Elem,_Traits,_Ax>' needs to have dll-interface to be used by clients of class 'EMOTIENT::FacetSDK::FrameAnalysis'
                 with
                 [
                     _Elem=char,
                     _Traits=std::char_traits<char>,
                     _Ax=std::allocator<char>
                 ]
     1>C:\FacetSDK\FacetSDK\include\emotient.hpp(785): warning C4251: 'EMOTIENT::FacetSDK::Baseline::mBaselineImpl' : class 'EMOTIENT::FacetSDK::EMOTIENT_Ptr<_Tp>' needs to have dll-interface to be used by clients of class 'EMOTIENT::FacetSDK::Baseline'
                 with
                 [
                     _Tp=EMOTIENT::FacetSDK::BaselineImpl
                 ]
     1>C:\FacetSDK\FacetSDK\include\emotient.hpp(818): warning C4251: 'EMOTIENT::FacetSDK::FrameAnalyzer::mFrameAnalyzerImpl' : class 'EMOTIENT::FacetSDK::EMOTIENT_Ptr<_Tp>' needs to have dll-interface to be used by clients of class 'EMOTIENT::FacetSDK::FrameAnalyzer'
                 with
                 [
                     _Tp=EMOTIENT::FacetSDK::FrameAnalyzerImpl
                 ]
     1>C:\FacetSDK\FacetSDK\include\emotient.hpp(1015): warning C4251: 'EMOTIENT::FacetSDK::VideoAnalysis::mFaceLocations' : class 'std::vector<_Ty>' needs to have dll-interface to be used by clients of class 'EMOTIENT::FacetSDK::VideoAnalysis'
                 with
                 [
                     _Ty=EMOTIENT::FacetSDK::Rectangle
                 ]
     1>C:\FacetSDK\FacetSDK\include\emotient.hpp(1016): warning C4251: 'EMOTIENT::FacetSDK::VideoAnalysis::mEmotionEvidence' : class 'std::map<_Kty,_Ty>' needs to have dll-interface to be used by clients of class 'EMOTIENT::FacetSDK::VideoAnalysis'
                 with
                 [
                     _Kty=EMOTIENT::FacetSDK::EmotionName,
                     _Ty=std::vector<float>
                 ]
     1>C:\FacetSDK\FacetSDK\include\emotient.hpp(1017): warning C4251: 'EMOTIENT::FacetSDK::VideoAnalysis::mEmotionIntensities' : class 'std::map<_Kty,_Ty>' needs to have dll-interface to be used by clients of class 'EMOTIENT::FacetSDK::VideoAnalysis'
                 with
                 [
                     _Kty=EMOTIENT::FacetSDK::EmotionName,
                     _Ty=std::vector<float>
                 ]
     1>C:\FacetSDK\FacetSDK\include\emotient.hpp(1018): warning C4251: 'EMOTIENT::FacetSDK::VideoAnalysis::mActionUnitEvidence' : class 'std::map<_Kty,_Ty>' needs to have dll-interface to be used by clients of class 'EMOTIENT::FacetSDK::VideoAnalysis'
                 with
                 [
                     _Kty=EMOTIENT::FacetSDK::ActionUnit,
                     _Ty=std::vector<float>
                 ]
     1>C:\FacetSDK\FacetSDK\include\emotient.hpp(1019): warning C4251: 'EMOTIENT::FacetSDK::VideoAnalysis::mIsFacePresent' : class 'std::vector<_Ty,_Ax>' needs to have dll-interface to be used by clients of class 'EMOTIENT::FacetSDK::VideoAnalysis'
                 with
                 [
                     _Ty=bool,
                     _Ax=std::allocator<bool>
                 ]
     1>C:\FacetSDK\FacetSDK\include\emotient.hpp(1208): warning C4251: 'EMOTIENT::FacetSDK::VideoAnalyzer::mVideoAnalyzerImpl' : class 'EMOTIENT::FacetSDK::EMOTIENT_Ptr<_Tp>' needs to have dll-interface to be used by clients of class 'EMOTIENT::FacetSDK::VideoAnalyzer'
                 with
                 [
                     _Tp=EMOTIENT::FacetSDK::VideoAnalyzerImpl
                 ]
         ImageExpress.cpp
     1>C:\FacetSDK\FacetSDK\include\emotient.hpp(564): warning C4251: 'EMOTIENT::FacetSDK::Face::mEmotionValues' : class 'std::map<_Kty,_Ty>' needs to have dll-interface to be used by clients of class 'EMOTIENT::FacetSDK::Face'
                 with
                 [
                     _Kty=EMOTIENT::FacetSDK::EmotionName,
                     _Ty=std::map<EMOTIENT::FacetSDK::NormalizationType,float>
                 ]
     1>C:\FacetSDK\FacetSDK\include\emotient.hpp(565): warning C4251: 'EMOTIENT::FacetSDK::Face::mAttributeValues' : class 'std::map<_Kty,_Ty>' needs to have dll-interface to be used by clients of class 'EMOTIENT::FacetSDK::Face'
                 with
                 [
                     _Kty=EMOTIENT::FacetSDK::AttributeName,
                     _Ty=std::map<EMOTIENT::FacetSDK::AttributeNormalizationType,float>
                 ]
     1>C:\FacetSDK\FacetSDK\include\emotient.hpp(566): warning C4251: 'EMOTIENT::FacetSDK::Face::mDemographicValues' : class 'std::map<_Kty,_Ty>' needs to have dll-interface to be used by clients of class 'EMOTIENT::FacetSDK::Face'
                 with
                 [
                     _Kty=EMOTIENT::FacetSDK::DemographicName,
                     _Ty=std::map<EMOTIENT::FacetSDK::AttributeNormalizationType,float>
                 ]
     1>C:\FacetSDK\FacetSDK\include\emotient.hpp(567): warning C4251: 'EMOTIENT::FacetSDK::Face::mActionUnitValues' : class 'std::map<_Kty,_Ty>' needs to have dll-interface to be used by clients of class 'EMOTIENT::FacetSDK::Face'
                 with
                 [
                     _Kty=EMOTIENT::FacetSDK::ActionUnit,
                     _Ty=std::map<EMOTIENT::FacetSDK::NormalizationType,float>
                 ]
     1>C:\FacetSDK\FacetSDK\include\emotient.hpp(568): warning C4251: 'EMOTIENT::FacetSDK::Face::mPoseValues' : class 'std::map<_Kty,_Ty>' needs to have dll-interface to be used by clients of class 'EMOTIENT::FacetSDK::Face'
                 with
                 [
                     _Kty=EMOTIENT::FacetSDK::PoseDimension,
                     _Ty=float
                 ]
     1>C:\FacetSDK\FacetSDK\include\emotient.hpp(569): warning C4251: 'EMOTIENT::FacetSDK::Face::mLandmarkLocations' : class 'std::map<_Kty,_Ty>' needs to have dll-interface to be used by clients of class 'EMOTIENT::FacetSDK::Face'
                 with
                 [
                     _Kty=EMOTIENT::FacetSDK::LandmarkName,
                     _Ty=EMOTIENT::FacetSDK::Point
                 ]
     1>C:\FacetSDK\FacetSDK\include\emotient.hpp(675): warning C4251: 'EMOTIENT::FacetSDK::FrameAnalysis::mFaces' : class 'std::vector<_Ty>' needs to have dll-interface to be used by clients of class 'EMOTIENT::FacetSDK::FrameAnalysis'
                 with
                 [
                     _Ty=EMOTIENT::FacetSDK::Face
                 ]
     1>C:\FacetSDK\FacetSDK\include\emotient.hpp(679): warning C4251: 'EMOTIENT::FacetSDK::FrameAnalysis::mChannelsAvailable' : class 'std::map<_Kty,_Ty>' needs to have dll-interface to be used by clients of class 'EMOTIENT::FacetSDK::FrameAnalysis'
                 with
                 [
                     _Kty=EMOTIENT::FacetSDK::Channel,
                     _Ty=bool
                 ]
     1>C:\FacetSDK\FacetSDK\include\emotient.hpp(681): warning C4251: 'EMOTIENT::FacetSDK::FrameAnalysis::mSerialNumber' : class 'std::basic_string<_Elem,_Traits,_Ax>' needs to have dll-interface to be used by clients of class 'EMOTIENT::FacetSDK::FrameAnalysis'
                 with
                 [
                     _Elem=char,
                     _Traits=std::char_traits<char>,
                     _Ax=std::allocator<char>
                 ]
     1>C:\FacetSDK\FacetSDK\include\emotient.hpp(785): warning C4251: 'EMOTIENT::FacetSDK::Baseline::mBaselineImpl' : class 'EMOTIENT::FacetSDK::EMOTIENT_Ptr<_Tp>' needs to have dll-interface to be used by clients of class 'EMOTIENT::FacetSDK::Baseline'
                 with
                 [
                     _Tp=EMOTIENT::FacetSDK::BaselineImpl
                 ]
     1>C:\FacetSDK\FacetSDK\include\emotient.hpp(818): warning C4251: 'EMOTIENT::FacetSDK::FrameAnalyzer::mFrameAnalyzerImpl' : class 'EMOTIENT::FacetSDK::EMOTIENT_Ptr<_Tp>' needs to have dll-interface to be used by clients of class 'EMOTIENT::FacetSDK::FrameAnalyzer'
                 with
                 [
                     _Tp=EMOTIENT::FacetSDK::FrameAnalyzerImpl
                 ]
     1>C:\FacetSDK\FacetSDK\include\emotient.hpp(1015): warning C4251: 'EMOTIENT::FacetSDK::VideoAnalysis::mFaceLocations' : class 'std::vector<_Ty>' needs to have dll-interface to be used by clients of class 'EMOTIENT::FacetSDK::VideoAnalysis'
                 with
                 [
                     _Ty=EMOTIENT::FacetSDK::Rectangle
                 ]
     1>C:\FacetSDK\FacetSDK\include\emotient.hpp(1016): warning C4251: 'EMOTIENT::FacetSDK::VideoAnalysis::mEmotionEvidence' : class 'std::map<_Kty,_Ty>' needs to have dll-interface to be used by clients of class 'EMOTIENT::FacetSDK::VideoAnalysis'
                 with
                 [
                     _Kty=EMOTIENT::FacetSDK::EmotionName,
                     _Ty=std::vector<float>
                 ]
     1>C:\FacetSDK\FacetSDK\include\emotient.hpp(1017): warning C4251: 'EMOTIENT::FacetSDK::VideoAnalysis::mEmotionIntensities' : class 'std::map<_Kty,_Ty>' needs to have dll-interface to be used by clients of class 'EMOTIENT::FacetSDK::VideoAnalysis'
                 with
                 [
                     _Kty=EMOTIENT::FacetSDK::EmotionName,
                     _Ty=std::vector<float>
                 ]
     1>C:\FacetSDK\FacetSDK\include\emotient.hpp(1018): warning C4251: 'EMOTIENT::FacetSDK::VideoAnalysis::mActionUnitEvidence' : class 'std::map<_Kty,_Ty>' needs to have dll-interface to be used by clients of class 'EMOTIENT::FacetSDK::VideoAnalysis'
                 with
                 [
                     _Kty=EMOTIENT::FacetSDK::ActionUnit,
                     _Ty=std::vector<float>
                 ]
     1>C:\FacetSDK\FacetSDK\include\emotient.hpp(1019): warning C4251: 'EMOTIENT::FacetSDK::VideoAnalysis::mIsFacePresent' : class 'std::vector<_Ty,_Ax>' needs to have dll-interface to be used by clients of class 'EMOTIENT::FacetSDK::VideoAnalysis'
                 with
                 [
                     _Ty=bool,
                     _Ax=std::allocator<bool>
                 ]
     1>C:\FacetSDK\FacetSDK\include\emotient.hpp(1208): warning C4251: 'EMOTIENT::FacetSDK::VideoAnalyzer::mVideoAnalyzerImpl' : class 'EMOTIENT::FacetSDK::EMOTIENT_Ptr<_Tp>' needs to have dll-interface to be used by clients of class 'EMOTIENT::FacetSDK::VideoAnalyzer'
                 with
                 [
                     _Tp=EMOTIENT::FacetSDK::VideoAnalyzerImpl
                 ]
     1>ImageExpress.cpp(22): warning C4267: 'initializing' : conversion from 'size_t' to 'int', possible loss of data
     1>ImageExpress.cpp(32): warning C4267: '=' : conversion from 'size_t' to 'int', possible loss of data
     1>ImageExpress.cpp(59): warning C4267: '=' : conversion from 'size_t' to 'int', possible loss of data
         ImageProcess.cpp
     1>C:\FacetSDK\FacetSDK\include\emotient.hpp(564): warning C4251: 'EMOTIENT::FacetSDK::Face::mEmotionValues' : class 'std::map<_Kty,_Ty>' needs to have dll-interface to be used by clients of class 'EMOTIENT::FacetSDK::Face'
                 with
                 [
                     _Kty=EMOTIENT::FacetSDK::EmotionName,
                     _Ty=std::map<EMOTIENT::FacetSDK::NormalizationType,float>
                 ]
     1>C:\FacetSDK\FacetSDK\include\emotient.hpp(565): warning C4251: 'EMOTIENT::FacetSDK::Face::mAttributeValues' : class 'std::map<_Kty,_Ty>' needs to have dll-interface to be used by clients of class 'EMOTIENT::FacetSDK::Face'
                 with
                 [
                     _Kty=EMOTIENT::FacetSDK::AttributeName,
                     _Ty=std::map<EMOTIENT::FacetSDK::AttributeNormalizationType,float>
                 ]
     1>C:\FacetSDK\FacetSDK\include\emotient.hpp(566): warning C4251: 'EMOTIENT::FacetSDK::Face::mDemographicValues' : class 'std::map<_Kty,_Ty>' needs to have dll-interface to be used by clients of class 'EMOTIENT::FacetSDK::Face'
                 with
                 [
                     _Kty=EMOTIENT::FacetSDK::DemographicName,
                     _Ty=std::map<EMOTIENT::FacetSDK::AttributeNormalizationType,float>
                 ]
     1>C:\FacetSDK\FacetSDK\include\emotient.hpp(567): warning C4251: 'EMOTIENT::FacetSDK::Face::mActionUnitValues' : class 'std::map<_Kty,_Ty>' needs to have dll-interface to be used by clients of class 'EMOTIENT::FacetSDK::Face'
                 with
                 [
                     _Kty=EMOTIENT::FacetSDK::ActionUnit,
                     _Ty=std::map<EMOTIENT::FacetSDK::NormalizationType,float>
                 ]
     1>C:\FacetSDK\FacetSDK\include\emotient.hpp(568): warning C4251: 'EMOTIENT::FacetSDK::Face::mPoseValues' : class 'std::map<_Kty,_Ty>' needs to have dll-interface to be used by clients of class 'EMOTIENT::FacetSDK::Face'
                 with
                 [
                     _Kty=EMOTIENT::FacetSDK::PoseDimension,
                     _Ty=float
                 ]
     1>C:\FacetSDK\FacetSDK\include\emotient.hpp(569): warning C4251: 'EMOTIENT::FacetSDK::Face::mLandmarkLocations' : class 'std::map<_Kty,_Ty>' needs to have dll-interface to be used by clients of class 'EMOTIENT::FacetSDK::Face'
                 with
                 [
                     _Kty=EMOTIENT::FacetSDK::LandmarkName,
                     _Ty=EMOTIENT::FacetSDK::Point
                 ]
     1>C:\FacetSDK\FacetSDK\include\emotient.hpp(675): warning C4251: 'EMOTIENT::FacetSDK::FrameAnalysis::mFaces' : class 'std::vector<_Ty>' needs to have dll-interface to be used by clients of class 'EMOTIENT::FacetSDK::FrameAnalysis'
                 with
                 [
                     _Ty=EMOTIENT::FacetSDK::Face
                 ]
     1>C:\FacetSDK\FacetSDK\include\emotient.hpp(679): warning C4251: 'EMOTIENT::FacetSDK::FrameAnalysis::mChannelsAvailable' : class 'std::map<_Kty,_Ty>' needs to have dll-interface to be used by clients of class 'EMOTIENT::FacetSDK::FrameAnalysis'
                 with
                 [
                     _Kty=EMOTIENT::FacetSDK::Channel,
                     _Ty=bool
                 ]
     1>C:\FacetSDK\FacetSDK\include\emotient.hpp(681): warning C4251: 'EMOTIENT::FacetSDK::FrameAnalysis::mSerialNumber' : class 'std::basic_string<_Elem,_Traits,_Ax>' needs to have dll-interface to be used by clients of class 'EMOTIENT::FacetSDK::FrameAnalysis'
                 with
                 [
                     _Elem=char,
                     _Traits=std::char_traits<char>,
                     _Ax=std::allocator<char>
                 ]
     1>C:\FacetSDK\FacetSDK\include\emotient.hpp(785): warning C4251: 'EMOTIENT::FacetSDK::Baseline::mBaselineImpl' : class 'EMOTIENT::FacetSDK::EMOTIENT_Ptr<_Tp>' needs to have dll-interface to be used by clients of class 'EMOTIENT::FacetSDK::Baseline'
                 with
                 [
                     _Tp=EMOTIENT::FacetSDK::BaselineImpl
                 ]
     1>C:\FacetSDK\FacetSDK\include\emotient.hpp(818): warning C4251: 'EMOTIENT::FacetSDK::FrameAnalyzer::mFrameAnalyzerImpl' : class 'EMOTIENT::FacetSDK::EMOTIENT_Ptr<_Tp>' needs to have dll-interface to be used by clients of class 'EMOTIENT::FacetSDK::FrameAnalyzer'
                 with
                 [
                     _Tp=EMOTIENT::FacetSDK::FrameAnalyzerImpl
                 ]
     1>C:\FacetSDK\FacetSDK\include\emotient.hpp(1015): warning C4251: 'EMOTIENT::FacetSDK::VideoAnalysis::mFaceLocations' : class 'std::vector<_Ty>' needs to have dll-interface to be used by clients of class 'EMOTIENT::FacetSDK::VideoAnalysis'
                 with
                 [
                     _Ty=EMOTIENT::FacetSDK::Rectangle
                 ]
     1>C:\FacetSDK\FacetSDK\include\emotient.hpp(1016): warning C4251: 'EMOTIENT::FacetSDK::VideoAnalysis::mEmotionEvidence' : class 'std::map<_Kty,_Ty>' needs to have dll-interface to be used by clients of class 'EMOTIENT::FacetSDK::VideoAnalysis'
                 with
                 [
                     _Kty=EMOTIENT::FacetSDK::EmotionName,
                     _Ty=std::vector<float>
                 ]
     1>C:\FacetSDK\FacetSDK\include\emotient.hpp(1017): warning C4251: 'EMOTIENT::FacetSDK::VideoAnalysis::mEmotionIntensities' : class 'std::map<_Kty,_Ty>' needs to have dll-interface to be used by clients of class 'EMOTIENT::FacetSDK::VideoAnalysis'
                 with
                 [
                     _Kty=EMOTIENT::FacetSDK::EmotionName,
                     _Ty=std::vector<float>
                 ]
     1>C:\FacetSDK\FacetSDK\include\emotient.hpp(1018): warning C4251: 'EMOTIENT::FacetSDK::VideoAnalysis::mActionUnitEvidence' : class 'std::map<_Kty,_Ty>' needs to have dll-interface to be used by clients of class 'EMOTIENT::FacetSDK::VideoAnalysis'
                 with
                 [
                     _Kty=EMOTIENT::FacetSDK::ActionUnit,
                     _Ty=std::vector<float>
                 ]
     1>C:\FacetSDK\FacetSDK\include\emotient.hpp(1019): warning C4251: 'EMOTIENT::FacetSDK::VideoAnalysis::mIsFacePresent' : class 'std::vector<_Ty,_Ax>' needs to have dll-interface to be used by clients of class 'EMOTIENT::FacetSDK::VideoAnalysis'
                 with
                 [
                     _Ty=bool,
                     _Ax=std::allocator<bool>
                 ]
     1>C:\FacetSDK\FacetSDK\include\emotient.hpp(1208): warning C4251: 'EMOTIENT::FacetSDK::VideoAnalyzer::mVideoAnalyzerImpl' : class 'EMOTIENT::FacetSDK::EMOTIENT_Ptr<_Tp>' needs to have dll-interface to be used by clients of class 'EMOTIENT::FacetSDK::VideoAnalyzer'
                 with
                 [
                     _Tp=EMOTIENT::FacetSDK::VideoAnalyzerImpl
                 ]
     1>ImageProcess.cpp(77): warning C4800: 'BOOL' : forcing value to bool 'true' or 'false' (performance warning)
     1>ImageProcess.cpp(95): warning C4267: 'initializing' : conversion from 'size_t' to 'int', possible loss of data
     1>ImageProcess.cpp(111): warning C4267: 'initializing' : conversion from 'size_t' to 'int', possible loss of data
     1>ImageProcess.cpp(112): warning C4267: 'initializing' : conversion from 'size_t' to 'const int', possible loss of data
     1>ImageProcess.cpp(173): warning C4267: 'initializing' : conversion from 'size_t' to 'int', possible loss of data
         License.c
       ResourceCompile:
         C:\Program Files (x86)\Microsoft SDKs\Windows\v7.0A\bin\rc.exe /D _AFXDLL /l"0x0409" /nologo /fo"x64\Release\ImageExpress.res" ImageExpress.rc 
       Link:
         c:\Program Files (x86)\Microsoft Visual Studio 10.0\VC\bin\x86_amd64\link.exe /ERRORREPORT:PROMPT /OUT:"E:\VC Projects\ImageExpress\x64\Release\ImageExpress.exe" /INCREMENTAL:NO /NOLOGO /LIBPATH:C:\opencv2410\build\x64\vc10\lib /LIBPATH:C:\FacetSDK\FacetSDK\lib\Release /LIBPATH:C:\FacetSDK\FacetSDK\lib emotient.lib emotient_lmgr_dongle.lib emotient_libsb.lib emotient_zlib.lib emotient_eay32.lib emotient_libact.lib emotient_libcrvs.lib emotient_libnoact.lib emotient_lmgr.lib emotient_ACE.lib Wbemuuid.lib oldnames.lib netapi32.lib comctl32.lib wsock32.lib Rpcrt4.lib wintrust.lib crypt32.lib Ws2_32.lib psapi.lib opencv_calib3d2410.lib opencv_contrib2410.lib opencv_core2410.lib opencv_features2d2410.lib opencv_flann2410.lib opencv_gpu2410.lib opencv_highgui2410.lib opencv_imgproc2410.lib opencv_legacy2410.lib opencv_ml2410.lib opencv_nonfree2410.lib opencv_objdetect2410.lib opencv_ocl2410.lib opencv_photo2410.lib opencv_stitching2410.lib opencv_superres2410.lib opencv_ts2410.lib opencv_video2410.lib opencv_videostab2410.lib /MANIFEST:NO /PDB:"E:\VC Projects\ImageExpress\x64\Release\ImageExpress.pdb" /SUBSYSTEM:CONSOLE /OPT:NOREF /OPT:NOICF /LTCG /TLBID:1 /DYNAMICBASE /NXCOMPAT /IMPLIB:"E:\VC Projects\ImageExpress\x64\Release\ImageExpress.lib" /MACHINE:X64 x64\Release\ImageExpress.res
         x64\Release\FaceContainer.obj
         x64\Release\FrameProcess.obj
         x64\Release\ImageExpress.obj
         x64\Release\ImageProcess.obj
         x64\Release\License.obj
         x64\Release\stdafx.obj
         lm_new.obj
            Creating library E:\VC Projects\ImageExpress\x64\Release\ImageExpress.lib and object E:\VC Projects\ImageExpress\x64\Release\ImageExpress.exp
     1>LINK : warning LNK4098: defaultlib 'LIBCMT' conflicts with use of other libs; use /NODEFAULTLIB:library
         Generating code
         Finished generating code
         ImageExpress.vcxproj -> E:\VC Projects\ImageExpress\x64\Release\ImageExpress.exe
     1>Done Building Project "E:\VC Projects\ImageExpress\ImageExpress\ImageExpress.vcxproj" (Rebuild target(s)).

Build succeeded.

Time Elapsed 00:00:11.64
