e:\vc projects\imageexpress\imageexpress\x64\release\imageexpress.pch
e:\vc projects\imageexpress\imageexpress\x64\release\stdafx.obj
e:\vc projects\imageexpress\imageexpress\x64\release\vc100.pdb
e:\vc projects\imageexpress\imageexpress\x64\release\license.obj
e:\vc projects\imageexpress\imageexpress\x64\release\imageprocess.obj
e:\vc projects\imageexpress\imageexpress\x64\release\imageexpress.obj
e:\vc projects\imageexpress\imageexpress\x64\release\frameprocess.obj
e:\vc projects\imageexpress\imageexpress\x64\release\facecontainer.obj
e:\vc projects\imageexpress\x64\release\imageexpress.lib
e:\vc projects\imageexpress\x64\release\imageexpress.exp
e:\vc projects\imageexpress\x64\release\imageexpress.exe
e:\vc projects\imageexpress\imageexpress\x64\release\imageexpress.res
e:\vc projects\imageexpress\imageexpress\x64\release\cl.command.1.tlog
e:\vc projects\imageexpress\imageexpress\x64\release\cl.read.1.tlog
e:\vc projects\imageexpress\imageexpress\x64\release\cl.write.1.tlog
e:\vc projects\imageexpress\imageexpress\x64\release\imageexpress.write.1.tlog
e:\vc projects\imageexpress\imageexpress\x64\release\link-cvtres.read.1.tlog
e:\vc projects\imageexpress\imageexpress\x64\release\link-cvtres.write.1.tlog
e:\vc projects\imageexpress\imageexpress\x64\release\link.command.1.tlog
e:\vc projects\imageexpress\imageexpress\x64\release\link.read.1.tlog
e:\vc projects\imageexpress\imageexpress\x64\release\link.write.1.tlog
e:\vc projects\imageexpress\imageexpress\x64\release\rc.command.1.tlog
e:\vc projects\imageexpress\imageexpress\x64\release\rc.read.1.tlog
e:\vc projects\imageexpress\imageexpress\x64\release\rc.write.1.tlog
