e:\vc projects\imageexpress\imageexpress\x64\debug\imageexpress.pch
e:\vc projects\imageexpress\imageexpress\x64\debug\stdafx.obj
e:\vc projects\imageexpress\imageexpress\x64\debug\vc100.pdb
e:\vc projects\imageexpress\imageexpress\x64\debug\facecontainer.obj
e:\vc projects\imageexpress\imageexpress\x64\debug\frameprocess.obj
e:\vc projects\imageexpress\imageexpress\x64\debug\imageexpress.obj
e:\vc projects\imageexpress\imageexpress\x64\debug\imageprocess.obj
e:\vc projects\imageexpress\imageexpress\x64\debug\license.obj
e:\vc projects\imageexpress\x64\debug\imageexpress.lib
e:\vc projects\imageexpress\x64\debug\imageexpress.exp
e:\vc projects\imageexpress\x64\debug\imageexpress.exe
e:\vc projects\imageexpress\x64\debug\imageexpress.pdb
e:\vc projects\imageexpress\imageexpress\x64\debug\imageexpress.res
e:\vc projects\imageexpress\imageexpress\x64\debug\cl.command.1.tlog
e:\vc projects\imageexpress\imageexpress\x64\debug\cl.read.1.tlog
e:\vc projects\imageexpress\imageexpress\x64\debug\cl.write.1.tlog
e:\vc projects\imageexpress\imageexpress\x64\debug\imageexpress.write.1.tlog
e:\vc projects\imageexpress\imageexpress\x64\debug\link-cvtres.read.1.tlog
e:\vc projects\imageexpress\imageexpress\x64\debug\link-cvtres.write.1.tlog
e:\vc projects\imageexpress\imageexpress\x64\debug\link.command.1.tlog
e:\vc projects\imageexpress\imageexpress\x64\debug\link.read.1.tlog
e:\vc projects\imageexpress\imageexpress\x64\debug\link.write.1.tlog
e:\vc projects\imageexpress\imageexpress\x64\debug\rc.command.1.tlog
e:\vc projects\imageexpress\imageexpress\x64\debug\rc.read.1.tlog
e:\vc projects\imageexpress\imageexpress\x64\debug\rc.write.1.tlog
e:\vc projects\imageexpress\imageexpress\x64\debug\vc100.idb
